[2022-08-23T17:33:19.437329+00:00] blog.INFO: Create user command started [] []
[2022-08-23T17:33:19.568358+00:00] blog.WARNING: User already exists: singer [] []
[2022-08-23T17:51:05.592820+00:00] blog.INFO: Post created: 400da50c-0023-4f4a-a789-6ad8ae6e4563 [] []
[2022-08-23T18:31:31.501203+00:00] blog.WARNING: Cannot find user: d5619404-2324-4933-9ce3-61272775cbea [] []
[2022-08-23T18:31:31.604910+00:00] blog.INFO: Post created b3c8b617-9032-4cf4-a70d-51be2f6ff935 [] []
[2022-08-23T18:31:31.605473+00:00] blog.INFO: Post created: b3c8b617-9032-4cf4-a70d-51be2f6ff935 [] []
[2022-08-23T18:58:47.875704+00:00] blog.WARNING: Cannot find comment: 94cbf3dd-260e-4364-b476-377ebcd0b339 [] []
[2022-08-23T18:58:47.880773+00:00] blog.WARNING: Cannot find post: 81079336-a2ab-4414-a28d-256cd3ea8b9e [] []
[2022-08-23T18:58:47.882612+00:00] blog.WARNING: Cannot find user: 21564bc8-d49a-4729-96b6-67472fef0b6a [] []
[2022-08-23T18:58:47.993450+00:00] blog.INFO: CommentLike created f674aaf3-75a9-42e7-957d-e4ac20123976 [] []
[2022-08-27T05:49:35.643006+00:00] blog.INFO: Create user command started [] []
[2022-08-27T05:50:51.348018+00:00] blog.INFO: Create user command started [] []
[2022-08-27T05:52:00.631147+00:00] blog.INFO: Create user command started [] []
[2022-08-27T05:52:00.748529+00:00] blog.INFO: User created ba7c1957-b9a9-433f-a51b-0de6fac448f2 [] []
[2022-08-27T05:52:00.749198+00:00] blog.INFO: User created: ba7c1957-b9a9-433f-a51b-0de6fac448f2 [] []
[2022-08-27T06:25:29.128645+00:00] blog.WARNING: Cannot find user: user1234 [] []
[2022-08-27T06:25:54.390596+00:00] blog.WARNING: Cannot find user: user1234 [] []
[2022-08-27T06:25:54.622516+00:00] blog.INFO: Post created 085f40c9-0750-4c2d-b2e4-bdefdbb2dba8 [] []
[2022-08-27T06:25:54.623050+00:00] blog.INFO: Post created: 085f40c9-0750-4c2d-b2e4-bdefdbb2dba8 [] []
[2022-08-27T06:35:51.419329+00:00] blog.INFO: Create user command started [] []
[2022-08-27T06:35:51.561758+00:00] blog.INFO: User created 06526a31-bdec-4b4a-99a8-be93c56b66d7 [] []
[2022-08-27T06:35:51.563990+00:00] blog.INFO: User created: 06526a31-bdec-4b4a-99a8-be93c56b66d7 [] []
[2022-08-27T06:37:46.077891+00:00] blog.WARNING: Cannot find user: user234 [] []
[2022-08-27T06:37:46.258678+00:00] blog.INFO: Post created 3665360f-0e28-4ea3-b7ba-a4380fb71167 [] []
[2022-08-27T06:37:46.260072+00:00] blog.INFO: Post created: 3665360f-0e28-4ea3-b7ba-a4380fb71167 [] []
[2022-08-27T06:52:16.412144+00:00] blog.INFO: Create user command started [] []
[2022-08-27T06:54:33.357740+00:00] blog.INFO: Create user command started [] []
[2022-08-27T06:54:33.552147+00:00] blog.INFO: User created e5b2bf30-41c0-4a56-892b-5ac621982c7b [] []
[2022-08-27T06:59:39.107165+00:00] blog.INFO: Create user command started [] []
[2022-08-27T06:59:39.293693+00:00] blog.INFO: User created c6c1e47e-aa7c-48cd-93c9-5b81d818d248 [] []
[2022-08-27T06:59:39.298565+00:00] blog.INFO: User created: c6c1e47e-aa7c-48cd-93c9-5b81d818d248 [] []
[2022-08-27T07:05:50.912858+00:00] blog.INFO: Create user command started [] []
[2022-08-27T07:05:51.034436+00:00] blog.INFO: User created ba665a3f-92a5-4367-8eab-2f7e640257a8 [] []
[2022-08-27T07:05:51.035026+00:00] blog.INFO: User created: ba665a3f-92a5-4367-8eab-2f7e640257a8 [] []
[2022-08-27T07:06:01.114070+00:00] blog.INFO: Create user command started [] []
[2022-08-27T07:06:01.118801+00:00] blog.WARNING: Cannot find user: user3 [] []
[2022-08-27T07:06:01.123531+00:00] blog.WARNING: User already exists: user3 [] []
[2022-08-27T07:06:52.707634+00:00] blog.INFO: Create user command started [] []
[2022-08-27T07:06:52.903870+00:00] blog.INFO: User created 31ea7016-916b-4183-9d5a-294b036eb6d7 [] []
[2022-08-27T07:06:52.904488+00:00] blog.INFO: User created: 31ea7016-916b-4183-9d5a-294b036eb6d7 [] []
[2022-08-27T07:08:15.246904+00:00] blog.WARNING: Cannot find user: user3 [] []
[2022-08-27T07:08:15.435407+00:00] blog.INFO: Post created adebe276-6bb9-4df5-9b27-718143ccb1e6 [] []
[2022-08-27T07:08:15.436148+00:00] blog.INFO: Post created: adebe276-6bb9-4df5-9b27-718143ccb1e6 [] []
[2022-08-27T13:07:11.243929+00:00] blog.WARNING: Cannot find user: user4 [] []
[2022-08-27T13:07:11.397608+00:00] blog.INFO: Post created 8104f12b-c689-419a-81df-f69cc7e60131 [] []
[2022-08-27T13:07:11.424162+00:00] blog.INFO: Post created: 8104f12b-c689-419a-81df-f69cc7e60131 [] []
[2022-08-27T15:50:38.546858+00:00] blog.WARNING: Cannot find user: user4 [] []
[2022-08-27T15:56:03.284689+00:00] blog.WARNING: Cannot find user: user4 [] []
[2022-08-27T15:59:41.143346+00:00] blog.WARNING: Cannot find user: user4 [] []
[2022-08-27T20:05:59.444282+00:00] blog.WARNING: Cannot find user: 31ea7016-916b-4183-9d5a-294b036eb6d7 [] []
[2022-08-27T20:05:59.690486+00:00] blog.INFO: Post created 58c99edd-e7b9-4ee0-993d-b04246e96db8 [] []
[2022-08-27T20:05:59.691344+00:00] blog.INFO: Post created: 58c99edd-e7b9-4ee0-993d-b04246e96db8 [] []
[2022-08-27T20:45:17.819901+00:00] blog.WARNING: Cannot find user: user2 [] []
[2022-08-27T20:57:40.614011+00:00] blog.INFO: User created 2a7bd901-68b5-40f3-9f68-6a3365e6bef5 [] []
[2022-08-27T21:02:10.337810+00:00] blog.INFO: Create user command started [] []
[2022-08-27T21:02:10.491631+00:00] blog.INFO: User created f9d4bb6c-f4cd-43ac-8270-f2458986665d [] []
[2022-08-27T21:02:10.493285+00:00] blog.INFO: User created: f9d4bb6c-f4cd-43ac-8270-f2458986665d [] []
[2022-08-27T21:04:41.126712+00:00] blog.WARNING: Cannot find user: singer [] []
[2022-08-27T21:05:56.449058+00:00] blog.WARNING: Cannot find user: f9d4bb6c-f4cd-43ac-8270-f2458986665d [] []
[2022-08-27T21:05:56.553572+00:00] blog.INFO: Post created 8e42a110-0c0f-4926-9f90-27c661f2abef [] []
[2022-08-27T21:05:56.554186+00:00] blog.INFO: Post created: 8e42a110-0c0f-4926-9f90-27c661f2abef [] []
[2022-08-27T21:07:16.699395+00:00] blog.WARNING: Cannot find user: f9d4bb6c-f4cd-43ac-8270-f2458986665d [] []
[2022-08-27T21:07:16.763168+00:00] blog.WARNING: Cannot find post: 8e42a110-0c0f-4926-9f90-27c661f2abef [] []
[2022-08-27T21:22:24.228735+00:00] blog.WARNING: Cannot find user: f9d4bb6c-f4cd-43ac-8270-f2458986665d [] []
[2022-08-27T21:22:24.235220+00:00] blog.WARNING: Cannot find post: 8e42a110-0c0f-4926-9f90-27c661f2abef [] []
[2022-08-27T21:22:24.357514+00:00] blog.INFO: Comment created 2310b4b2-0957-4c81-9166-c735fd0880d2 [] []
[2022-08-27T21:23:26.924416+00:00] blog.WARNING: Cannot find user: f9d4bb6c-f4cd-43ac-8270-f2458986665d [] []
[2022-08-27T21:23:26.930526+00:00] blog.WARNING: Cannot find post: 8e42a110-0c0f-4926-9f90-27c661f2abef [] []
[2022-08-27T21:23:26.937298+00:00] blog.WARNING: Cannot find user: f9d4bb6c-f4cd-43ac-8270-f2458986665d [] []
[2022-08-27T21:23:27.101452+00:00] blog.INFO: PostLike created 7babf619-5ff5-4800-86d7-86069048503e [] []
[2022-08-27T21:24:36.807244+00:00] blog.WARNING: Cannot find user: f9d4bb6c-f4cd-43ac-8270-f2458986665d [] []
[2022-08-27T21:24:36.812184+00:00] blog.WARNING: Cannot find comment: 2310b4b2-0957-4c81-9166-c735fd0880d2 [] []
[2022-08-27T21:24:36.815148+00:00] blog.WARNING: Cannot find post: 8e42a110-0c0f-4926-9f90-27c661f2abef [] []
[2022-08-27T21:24:36.816321+00:00] blog.WARNING: Cannot find user: f9d4bb6c-f4cd-43ac-8270-f2458986665d [] []
[2022-08-27T21:24:36.985723+00:00] blog.INFO: CommentLike created 31af5776-e904-43d5-ac20-d44cdb7a8f36 [] []
